# JRE version: Java(TM) SE Runtime Environment (18.0.2.1+1) (build 18.0.2.1+1-1)
# Java VM: Java HotSpot(TM) 64-Bit Server VM (18.0.2.1+1-1, mixed mode, emulated-client, sharing, tiered, compressed oops, compressed class ptrs, g1 gc, windows-amd64)
GC Precious Log:
 CardTable entry size: 512
 Card Set container configuration: InlinePtr #cards 5 size 8 Array Of Cards #cards 12 size 40 Howl #buckets 4 coarsen threshold 1843 Howl Bitmap #cards 512 size 80 coarsen threshold 460 Card regions per heap region 1 cards per card region 2048
 CPUs: 16 total, 16 available
 Memory: 7488M
 Large Page Support: Disabled
 NUMA Support: Disabled
 Compressed Oops: Enabled (32-bit)
 Heap Region Size: 1M
 Heap Min Capacity: 8M
 Heap Initial Capacity: 118M
 Heap Max Capacity: 1874M
 Pre-touch: Disabled
 Parallel Workers: 13
 Concurrent Workers: 3
 Concurrent Refinement Workers: 13
 Periodic GC: Disabled
Heap:
 garbage-first heap   total 106496K, used 26105K [0x000000008ae00000, 0x0000000100000000)
  region size 1024K, 5 young (5120K), 3 survivors (3072K)
 Metaspace       used 38311K, committed 38848K, reserved 1114112K
  class space    used 5150K, committed 5440K, reserved 1048576K
GC Heap History (20 events):
Event: 3.251 GC heap before
{Heap before GC invocations=1 (full 0):
 garbage-first heap   total 120832K, used 32160K [0x000000008ae00000, 0x0000000100000000)
  region size 1024K, 25 young (25600K), 3 survivors (3072K)
 Metaspace       used 12446K, committed 12800K, reserved 1114112K
  class space    used 1662K, committed 1856K, reserved 1048576K
}
Event: 3.260 GC heap after
{Heap after GC invocations=2 (full 0):
 garbage-first heap   total 120832K, used 11412K [0x000000008ae00000, 0x0000000100000000)
  region size 1024K, 2 young (2048K), 2 survivors (2048K)
 Metaspace       used 12446K, committed 12800K, reserved 1114112K
  class space    used 1662K, committed 1856K, reserved 1048576K
}
Event: 4.305 GC heap before
{Heap before GC invocations=2 (full 0):
 garbage-first heap   total 120832K, used 57492K [0x000000008ae00000, 0x0000000100000000)
  region size 1024K, 48 young (49152K), 2 survivors (2048K)
 Metaspace       used 21033K, committed 21376K, reserved 1114112K
  class space    used 2803K, committed 2944K, reserved 1048576K
}
Event: 4.314 GC heap after
{Heap after GC invocations=3 (full 0):
 garbage-first heap   total 120832K, used 14940K [0x000000008ae00000, 0x0000000100000000)
  region size 1024K, 6 young (6144K), 6 survivors (6144K)
 Metaspace       used 21033K, committed 21376K, reserved 1114112K
  class space    used 2803K, committed 2944K, reserved 1048576K
}
Event: 4.343 GC heap before
{Heap before GC invocations=3 (full 0):
 garbage-first heap   total 120832K, used 15964K [0x000000008ae00000, 0x0000000100000000)
  region size 1024K, 8 young (8192K), 6 survivors (6144K)
 Metaspace       used 21206K, committed 21504K, reserved 1114112K
  class space    used 2828K, committed 2944K, reserved 1048576K
}
Event: 4.351 GC heap after
{Heap after GC invocations=4 (full 0):
 garbage-first heap   total 120832K, used 15234K [0x000000008ae00000, 0x0000000100000000)
  region size 1024K, 4 young (4096K), 4 survivors (4096K)
 Metaspace       used 21206K, committed 21504K, reserved 1114112K
  class space    used 2828K, committed 2944K, reserved 1048576K
}
Event: 5.513 GC heap before
{Heap before GC invocations=5 (full 0):
 garbage-first heap   total 55296K, used 43906K [0x000000008ae00000, 0x0000000100000000)
  region size 1024K, 32 young (32768K), 4 survivors (4096K)
 Metaspace       used 24673K, committed 25088K, reserved 1114112K
  class space    used 3356K, committed 3520K, reserved 1048576K
}
Event: 5.530 GC heap after
{Heap after GC invocations=6 (full 0):
 garbage-first heap   total 55296K, used 17494K [0x000000008ae00000, 0x0000000100000000)
  region size 1024K, 3 young (3072K), 3 survivors (3072K)
 Metaspace       used 24673K, committed 25088K, reserved 1114112K
  class space    used 3356K, committed 3520K, reserved 1048576K
}
Event: 5.575 GC heap before
{Heap before GC invocations=6 (full 0):
 garbage-first heap   total 55296K, used 18518K [0x000000008ae00000, 0x0000000100000000)
  region size 1024K, 4 young (4096K), 3 survivors (3072K)
 Metaspace       used 24803K, committed 25216K, reserved 1114112K
  class space    used 3381K, committed 3584K, reserved 1048576K
}
Event: 5.593 GC heap after
{Heap after GC invocations=7 (full 0):
 garbage-first heap   total 55296K, used 17627K [0x000000008ae00000, 0x0000000100000000)
  region size 1024K, 1 young (1024K), 1 survivors (1024K)
 Metaspace       used 24803K, committed 25216K, reserved 1114112K
  class space    used 3381K, committed 3584K, reserved 1048576K
}
Event: 6.554 GC heap before
{Heap before GC invocations=7 (full 0):
 garbage-first heap   total 55296K, used 37083K [0x000000008ae00000, 0x0000000100000000)
  region size 1024K, 21 young (21504K), 1 survivors (1024K)
 Metaspace       used 27892K, committed 28416K, reserved 1114112K
  class space    used 3853K, committed 4096K, reserved 1048576K
}
Event: 6.563 GC heap after
{Heap after GC invocations=8 (full 0):
 garbage-first heap   total 55296K, used 19186K [0x000000008ae00000, 0x0000000100000000)
  region size 1024K, 3 young (3072K), 3 survivors (3072K)
 Metaspace       used 27892K, committed 28416K, reserved 1114112K
  class space    used 3853K, committed 4096K, reserved 1048576K
}
Event: 7.369 GC heap before
{Heap before GC invocations=8 (full 0):
 garbage-first heap   total 55296K, used 38642K [0x000000008ae00000, 0x0000000100000000)
  region size 1024K, 22 young (22528K), 3 survivors (3072K)
 Metaspace       used 30683K, committed 31168K, reserved 1114112K
  class space    used 4234K, committed 4480K, reserved 1048576K
}
Event: 7.375 GC heap after
{Heap after GC invocations=9 (full 0):
 garbage-first heap   total 55296K, used 20745K [0x000000008ae00000, 0x0000000100000000)
  region size 1024K, 2 young (2048K), 2 survivors (2048K)
 Metaspace       used 30683K, committed 31168K, reserved 1114112K
  class space    used 4234K, committed 4480K, reserved 1048576K
}
Event: 8.659 GC heap before
{Heap before GC invocations=9 (full 0):
 garbage-first heap   total 55296K, used 40201K [0x000000008ae00000, 0x0000000100000000)
  region size 1024K, 21 young (21504K), 2 survivors (2048K)
 Metaspace       used 34923K, committed 35392K, reserved 1114112K
  class space    used 4701K, committed 4928K, reserved 1048576K
}
Event: 8.664 GC heap after
{Heap after GC invocations=10 (full 0):
 garbage-first heap   total 55296K, used 22053K [0x000000008ae00000, 0x0000000100000000)
  region size 1024K, 3 young (3072K), 3 survivors (3072K)
 Metaspace       used 34923K, committed 35392K, reserved 1114112K
  class space    used 4701K, committed 4928K, reserved 1048576K
}
Event: 8.808 GC heap before
{Heap before GC invocations=10 (full 0):
 garbage-first heap   total 55296K, used 25125K [0x000000008ae00000, 0x0000000100000000)
  region size 1024K, 7 young (7168K), 3 survivors (3072K)
 Metaspace       used 35616K, committed 36096K, reserved 1114112K
  class space    used 4806K, committed 5056K, reserved 1048576K
}
Event: 8.813 GC heap after
{Heap after GC invocations=11 (full 0):
 garbage-first heap   total 55296K, used 22466K [0x000000008ae00000, 0x0000000100000000)
  region size 1024K, 2 young (2048K), 2 survivors (2048K)
 Metaspace       used 35616K, committed 36096K, reserved 1114112K
  class space    used 4806K, committed 5056K, reserved 1048576K
}
Event: 9.527 GC heap before
{Heap before GC invocations=12 (full 0):
 garbage-first heap   total 55296K, used 41922K [0x000000008ae00000, 0x0000000100000000)
  region size 1024K, 21 young (21504K), 2 survivors (2048K)
 Metaspace       used 37758K, committed 38336K, reserved 1114112K
  class space    used 5100K, committed 5376K, reserved 1048576K
}
Event: 9.537 GC heap after
{Heap after GC invocations=13 (full 0):
 garbage-first heap   total 106496K, used 25081K [0x000000008ae00000, 0x0000000100000000)
  region size 1024K, 3 young (3072K), 3 survivors (3072K)
 Metaspace       used 37758K, committed 38336K, reserved 1114112K
  class space    used 5100K, committed 5376K, reserved 1048576K
}

