# JRE version: Java(TM) SE Runtime Environment (18.0.2.1+1) (build 18.0.2.1+1-1)
# Java VM: Java HotSpot(TM) 64-Bit Server VM (18.0.2.1+1-1, mixed mode, emulated-client, sharing, tiered, compressed oops, compressed class ptrs, g1 gc, windows-amd64)
GC Precious Log:
 CardTable entry size: 512
 Card Set container configuration: InlinePtr #cards 5 size 8 Array Of Cards #cards 12 size 40 Howl #buckets 4 coarsen threshold 1843 Howl Bitmap #cards 512 size 80 coarsen threshold 460 Card regions per heap region 1 cards per card region 2048
 CPUs: 16 total, 16 available
 Memory: 7488M
 Large Page Support: Disabled
 NUMA Support: Disabled
 Compressed Oops: Enabled (32-bit)
 Heap Region Size: 1M
 Heap Min Capacity: 8M
 Heap Initial Capacity: 118M
 Heap Max Capacity: 1874M
 Pre-touch: Disabled
 Parallel Workers: 13
 Concurrent Workers: 3
 Concurrent Refinement Workers: 13
 Periodic GC: Disabled
Heap:
 garbage-first heap   total 70656K, used 44762K [0x000000008ae00000, 0x0000000100000000)
  region size 1024K, 22 young (22528K), 4 survivors (4096K)
 Metaspace       used 55787K, committed 56384K, reserved 1114112K
  class space    used 7636K, committed 7936K, reserved 1048576K
GC Heap History (20 events):
Event: 4.306 GC heap before
{Heap before GC invocations=2 (full 0):
 garbage-first heap   total 120832K, used 57698K [0x000000008ae00000, 0x0000000100000000)
  region size 1024K, 48 young (49152K), 2 survivors (2048K)
 Metaspace       used 20950K, committed 21312K, reserved 1114112K
  class space    used 2786K, committed 2944K, reserved 1048576K
}
Event: 4.317 GC heap after
{Heap after GC invocations=3 (full 0):
 garbage-first heap   total 120832K, used 14978K [0x000000008ae00000, 0x0000000100000000)
  region size 1024K, 6 young (6144K), 6 survivors (6144K)
 Metaspace       used 20950K, committed 21312K, reserved 1114112K
  class space    used 2786K, committed 2944K, reserved 1048576K
}
Event: 4.370 GC heap before
{Heap before GC invocations=3 (full 0):
 garbage-first heap   total 120832K, used 16002K [0x000000008ae00000, 0x0000000100000000)
  region size 1024K, 9 young (9216K), 6 survivors (6144K)
 Metaspace       used 21208K, committed 21504K, reserved 1114112K
  class space    used 2829K, committed 2944K, reserved 1048576K
}
Event: 4.379 GC heap after
{Heap after GC invocations=4 (full 0):
 garbage-first heap   total 120832K, used 15308K [0x000000008ae00000, 0x0000000100000000)
  region size 1024K, 4 young (4096K), 4 survivors (4096K)
 Metaspace       used 21208K, committed 21504K, reserved 1114112K
  class space    used 2829K, committed 2944K, reserved 1048576K
}
Event: 5.671 GC heap before
{Heap before GC invocations=5 (full 0):
 garbage-first heap   total 58368K, used 46028K [0x000000008ae00000, 0x0000000100000000)
  region size 1024K, 34 young (34816K), 4 survivors (4096K)
 Metaspace       used 25013K, committed 25344K, reserved 1114112K
  class space    used 3422K, committed 3584K, reserved 1048576K
}
Event: 5.683 GC heap after
{Heap after GC invocations=6 (full 0):
 garbage-first heap   total 58368K, used 17486K [0x000000008ae00000, 0x0000000100000000)
  region size 1024K, 3 young (3072K), 3 survivors (3072K)
 Metaspace       used 25013K, committed 25344K, reserved 1114112K
  class space    used 3422K, committed 3584K, reserved 1048576K
}
Event: 6.742 GC heap before
{Heap before GC invocations=6 (full 0):
 garbage-first heap   total 58368K, used 40014K [0x000000008ae00000, 0x0000000100000000)
  region size 1024K, 25 young (25600K), 3 survivors (3072K)
 Metaspace       used 28350K, committed 28800K, reserved 1114112K
  class space    used 3968K, committed 4160K, reserved 1048576K
}
Event: 6.757 GC heap after
{Heap after GC invocations=7 (full 0):
 garbage-first heap   total 58368K, used 19785K [0x000000008ae00000, 0x0000000100000000)
  region size 1024K, 3 young (3072K), 3 survivors (3072K)
 Metaspace       used 28350K, committed 28800K, reserved 1114112K
  class space    used 3968K, committed 4160K, reserved 1048576K
}
Event: 7.691 GC heap before
{Heap before GC invocations=7 (full 0):
 garbage-first heap   total 58368K, used 41289K [0x000000008ae00000, 0x0000000100000000)
  region size 1024K, 24 young (24576K), 3 survivors (3072K)
 Metaspace       used 31295K, committed 31872K, reserved 1114112K
  class space    used 4322K, committed 4608K, reserved 1048576K
}
Event: 7.696 GC heap after
{Heap after GC invocations=8 (full 0):
 garbage-first heap   total 58368K, used 21158K [0x000000008ae00000, 0x0000000100000000)
  region size 1024K, 2 young (2048K), 2 survivors (2048K)
 Metaspace       used 31295K, committed 31872K, reserved 1114112K
  class space    used 4322K, committed 4608K, reserved 1048576K
}
Event: 8.840 GC heap before
{Heap before GC invocations=8 (full 0):
 garbage-first heap   total 58368K, used 37542K [0x000000008ae00000, 0x0000000100000000)
  region size 1024K, 19 young (19456K), 2 survivors (2048K)
 Metaspace       used 35674K, committed 36160K, reserved 1114112K
  class space    used 4826K, committed 5056K, reserved 1048576K
}
Event: 8.846 GC heap after
{Heap after GC invocations=9 (full 0):
 garbage-first heap   total 58368K, used 22310K [0x000000008ae00000, 0x0000000100000000)
  region size 1024K, 3 young (3072K), 3 survivors (3072K)
 Metaspace       used 35674K, committed 36160K, reserved 1114112K
  class space    used 4826K, committed 5056K, reserved 1048576K
}
Event: 9.671 GC heap before
{Heap before GC invocations=10 (full 0):
 garbage-first heap   total 58368K, used 43814K [0x000000008ae00000, 0x0000000100000000)
  region size 1024K, 24 young (24576K), 3 survivors (3072K)
 Metaspace       used 38352K, committed 38912K, reserved 1114112K
  class space    used 5162K, committed 5440K, reserved 1048576K
}
Event: 9.680 GC heap after
{Heap after GC invocations=11 (full 0):
 garbage-first heap   total 58368K, used 25138K [0x000000008ae00000, 0x0000000100000000)
  region size 1024K, 3 young (3072K), 3 survivors (3072K)
 Metaspace       used 38352K, committed 38912K, reserved 1114112K
  class space    used 5162K, committed 5440K, reserved 1048576K
}
Event: 10.108 GC heap before
{Heap before GC invocations=11 (full 0):
 garbage-first heap   total 58368K, used 43570K [0x000000008ae00000, 0x0000000100000000)
  region size 1024K, 21 young (21504K), 3 survivors (3072K)
 Metaspace       used 39784K, committed 40384K, reserved 1114112K
  class space    used 5375K, committed 5632K, reserved 1048576K
}
Event: 10.114 GC heap after
{Heap after GC invocations=12 (full 0):
 garbage-first heap   total 70656K, used 26177K [0x000000008ae00000, 0x0000000100000000)
  region size 1024K, 1 young (1024K), 1 survivors (1024K)
 Metaspace       used 39784K, committed 40384K, reserved 1114112K
  class space    used 5375K, committed 5632K, reserved 1048576K
}
Event: 11.495 GC heap before
{Heap before GC invocations=12 (full 0):
 garbage-first heap   total 70656K, used 53825K [0x000000008ae00000, 0x0000000100000000)
  region size 1024K, 28 young (28672K), 1 survivors (1024K)
 Metaspace       used 44823K, committed 45376K, reserved 1114112K
  class space    used 6052K, committed 6272K, reserved 1048576K
}
Event: 11.500 GC heap after
{Heap after GC invocations=13 (full 0):
 garbage-first heap   total 70656K, used 27133K [0x000000008ae00000, 0x0000000100000000)
  region size 1024K, 2 young (2048K), 2 survivors (2048K)
 Metaspace       used 44823K, committed 45376K, reserved 1114112K
  class space    used 6052K, committed 6272K, reserved 1048576K
}
Event: 12.908 GC heap before
{Heap before GC invocations=13 (full 0):
 garbage-first heap   total 70656K, used 54781K [0x000000008ae00000, 0x0000000100000000)
  region size 1024K, 29 young (29696K), 2 survivors (2048K)
 Metaspace       used 51370K, committed 52032K, reserved 1114112K
  class space    used 7103K, committed 7424K, reserved 1048576K
}
Event: 12.913 GC heap after
{Heap after GC invocations=14 (full 0):
 garbage-first heap   total 70656K, used 28378K [0x000000008ae00000, 0x0000000100000000)
  region size 1024K, 4 young (4096K), 4 survivors (4096K)
 Metaspace       used 51370K, committed 52032K, reserved 1114112K
  class space    used 7103K, committed 7424K, reserved 1048576K
}

